0 info it worked if it ends with ok
1 verbose cli [ '/usr/bin/node', '/usr/bin/npm', 'install' ]
2 info using npm@1.4.28
3 info using node@v0.10.37
4 verbose node symlink /usr/bin/node
5 verbose readDependencies using package.json deps
6 verbose install where, deps [ '/home/web-dev/projects/node-tutorial/first-app',
6 verbose install   [ 'express', 'jade' ] ]
7 info preinstall application-name@0.0.1
8 verbose readDependencies using package.json deps
9 verbose cache add [ 'express@2.5.8', null ]
10 verbose cache add name=undefined spec="express@2.5.8" args=["express@2.5.8",null]
11 verbose parsed url { protocol: null,
11 verbose parsed url   slashes: null,
11 verbose parsed url   auth: null,
11 verbose parsed url   host: null,
11 verbose parsed url   port: null,
11 verbose parsed url   hostname: null,
11 verbose parsed url   hash: null,
11 verbose parsed url   search: null,
11 verbose parsed url   query: null,
11 verbose parsed url   pathname: 'express@2.5.8',
11 verbose parsed url   path: 'express@2.5.8',
11 verbose parsed url   href: 'express@2.5.8' }
12 verbose cache add [ 'jade@>= 0.0.1', null ]
13 verbose cache add name=undefined spec="jade@>= 0.0.1" args=["jade@>= 0.0.1",null]
14 verbose parsed url { protocol: null,
14 verbose parsed url   slashes: null,
14 verbose parsed url   auth: null,
14 verbose parsed url   host: null,
14 verbose parsed url   port: null,
14 verbose parsed url   hostname: null,
14 verbose parsed url   hash: null,
14 verbose parsed url   search: null,
14 verbose parsed url   query: null,
14 verbose parsed url   pathname: 'jade@%3E=%200.0.1',
14 verbose parsed url   path: 'jade@%3E=%200.0.1',
14 verbose parsed url   href: 'jade@%3E=%200.0.1' }
15 verbose cache add name="express" spec="2.5.8" args=["express","2.5.8"]
16 verbose parsed url { protocol: null,
16 verbose parsed url   slashes: null,
16 verbose parsed url   auth: null,
16 verbose parsed url   host: null,
16 verbose parsed url   port: null,
16 verbose parsed url   hostname: null,
16 verbose parsed url   hash: null,
16 verbose parsed url   search: null,
16 verbose parsed url   query: null,
16 verbose parsed url   pathname: '2.5.8',
16 verbose parsed url   path: '2.5.8',
16 verbose parsed url   href: '2.5.8' }
17 verbose addNamed [ 'express', '2.5.8' ]
18 verbose addNamed [ '2.5.8', '2.5.8' ]
19 verbose cache add name="jade" spec=">= 0.0.1" args=["jade",">= 0.0.1"]
20 verbose parsed url { protocol: null,
20 verbose parsed url   slashes: null,
20 verbose parsed url   auth: null,
20 verbose parsed url   host: null,
20 verbose parsed url   port: null,
20 verbose parsed url   hostname: null,
20 verbose parsed url   hash: null,
20 verbose parsed url   search: null,
20 verbose parsed url   query: null,
20 verbose parsed url   pathname: '%3E=%200.0.1',
20 verbose parsed url   path: '%3E=%200.0.1',
20 verbose parsed url   href: '%3E=%200.0.1' }
21 verbose addNamed [ 'jade', '>= 0.0.1' ]
22 verbose addNamed [ null, '>=0.0.1' ]
23 silly lockFile 70a1a393-express-2-5-8 express@2.5.8
24 verbose lock express@2.5.8 /home/web-dev/.npm/70a1a393-express-2-5-8.lock
25 silly lockFile 15f6ebf8-jade-0-0-1 jade@>= 0.0.1
26 verbose lock jade@>= 0.0.1 /home/web-dev/.npm/15f6ebf8-jade-0-0-1.lock
27 silly addNameRange { name: 'jade', range: '>=0.0.1', hasData: false }
28 verbose request where is /express
29 verbose request registry https://registry.npmjs.org/
30 verbose request id ecef58574245d5d2
31 verbose url raw /express
32 verbose url resolving [ 'https://registry.npmjs.org/', './express' ]
33 verbose url resolved https://registry.npmjs.org/express
34 verbose request where is https://registry.npmjs.org/express
35 info trying registry request attempt 1 at 19:25:15
36 verbose etag "7DTNSZPQV3S9639TNGWEARV79"
37 http GET https://registry.npmjs.org/express
38 verbose request where is /jade
39 verbose request registry https://registry.npmjs.org/
40 verbose url raw /jade
41 verbose url resolving [ 'https://registry.npmjs.org/', './jade' ]
42 verbose url resolved https://registry.npmjs.org/jade
43 verbose request where is https://registry.npmjs.org/jade
44 info trying registry request attempt 1 at 19:25:15
45 verbose etag "A3FJTIIL2JYB11O4N2XB8HON2"
46 http GET https://registry.npmjs.org/jade
47 http 304 https://registry.npmjs.org/express
48 silly registry.get cb [ 304,
48 silly registry.get   { date: 'Sun, 28 Jun 2015 16:25:15 GMT',
48 silly registry.get     via: '1.1 varnish',
48 silly registry.get     'cache-control': 'max-age=60',
48 silly registry.get     etag: '"7DTNSZPQV3S9639TNGWEARV79"',
48 silly registry.get     age: '35',
48 silly registry.get     connection: 'keep-alive',
48 silly registry.get     'x-served-by': 'cache-fra1220-FRA',
48 silly registry.get     'x-cache': 'HIT',
48 silly registry.get     'x-cache-hits': '2',
48 silly registry.get     'x-timer': 'S1435508715.992416,VS0,VE0',
48 silly registry.get     vary: 'Accept' } ]
49 verbose etag https://registry.npmjs.org/express from cache
50 silly lockFile b8aa1eec-js-org-express-express-2-5-8-tgz https://registry.npmjs.org/express/-/express-2.5.8.tgz
51 verbose lock https://registry.npmjs.org/express/-/express-2.5.8.tgz /home/web-dev/.npm/b8aa1eec-js-org-express-express-2-5-8-tgz.lock
52 verbose addRemoteTarball [ 'https://registry.npmjs.org/express/-/express-2.5.8.tgz',
52 verbose addRemoteTarball   'f166b55d4e8c6d2307ef88ad1768209613f7452a' ]
53 info retry fetch attempt 1 at 19:25:16
54 verbose fetch to= /tmp/npm-4528-nRqG1su4/registry.npmjs.org/express/-/express-2.5.8.tgz
55 http GET https://registry.npmjs.org/express/-/express-2.5.8.tgz
56 http 304 https://registry.npmjs.org/jade
57 silly registry.get cb [ 304,
57 silly registry.get   { date: 'Sun, 28 Jun 2015 16:25:16 GMT',
57 silly registry.get     via: '1.1 varnish',
57 silly registry.get     'cache-control': 'max-age=60',
57 silly registry.get     etag: '"A3FJTIIL2JYB11O4N2XB8HON2"',
57 silly registry.get     age: '0',
57 silly registry.get     connection: 'keep-alive',
57 silly registry.get     'x-served-by': 'cache-fra1227-FRA',
57 silly registry.get     'x-cache': 'HIT',
57 silly registry.get     'x-cache-hits': '1',
57 silly registry.get     'x-timer': 'S1435508716.035992,VS0,VE107',
57 silly registry.get     vary: 'Accept' } ]
58 verbose etag https://registry.npmjs.org/jade from cache
59 silly addNameRange number 2 { name: 'jade', range: '>=0.0.1', hasData: true }
60 silly addNameRange versions [ 'jade',
60 silly addNameRange   [ '0.0.1',
60 silly addNameRange     '0.0.2',
60 silly addNameRange     '0.1.0',
60 silly addNameRange     '0.2.0',
60 silly addNameRange     '0.2.1',
60 silly addNameRange     '0.2.2',
60 silly addNameRange     '0.2.3',
60 silly addNameRange     '0.2.4',
60 silly addNameRange     '0.3.0',
60 silly addNameRange     '0.4.0',
60 silly addNameRange     '0.4.1',
60 silly addNameRange     '0.5.0',
60 silly addNameRange     '0.5.1',
60 silly addNameRange     '0.5.2',
60 silly addNameRange     '0.5.3',
60 silly addNameRange     '0.5.4',
60 silly addNameRange     '0.5.5',
60 silly addNameRange     '0.5.6',
60 silly addNameRange     '0.5.7',
60 silly addNameRange     '0.6.0',
60 silly addNameRange     '0.6.1',
60 silly addNameRange     '0.6.3',
60 silly addNameRange     '0.7.0',
60 silly addNameRange     '0.7.1',
60 silly addNameRange     '0.8.0',
60 silly addNameRange     '0.8.1',
60 silly addNameRange     '0.8.2',
60 silly addNameRange     '0.8.3',
60 silly addNameRange     '0.8.4',
60 silly addNameRange     '0.8.5',
60 silly addNameRange     '0.8.6',
60 silly addNameRange     '0.8.7',
60 silly addNameRange     '0.8.8',
60 silly addNameRange     '0.8.9',
60 silly addNameRange     '0.9.0',
60 silly addNameRange     '0.9.1',
60 silly addNameRange     '0.9.2',
60 silly addNameRange     '0.9.3',
60 silly addNameRange     '0.10.0',
60 silly addNameRange     '0.10.1',
60 silly addNameRange     '0.10.2',
60 silly addNameRange     '0.10.3',
60 silly addNameRange     '0.10.4',
60 silly addNameRange     '0.10.5',
60 silly addNameRange     '0.10.6',
60 silly addNameRange     '0.10.7',
60 silly addNameRange     '0.11.0',
60 silly addNameRange     '0.11.1',
60 silly addNameRange     '0.12.0',
60 silly addNameRange     '0.12.1',
60 silly addNameRange     '0.12.2',
60 silly addNameRange     '0.12.3',
60 silly addNameRange     '0.12.4',
60 silly addNameRange     '0.13.0',
60 silly addNameRange     '0.14.0',
60 silly addNameRange     '0.14.1',
60 silly addNameRange     '0.14.2',
60 silly addNameRange     '0.15.0',
60 silly addNameRange     '0.15.1',
60 silly addNameRange     '0.15.2',
60 silly addNameRange     '0.15.3',
60 silly addNameRange     '0.15.4',
60 silly addNameRange     '0.16.0',
60 silly addNameRange     '0.16.1',
60 silly addNameRange     '0.16.2',
60 silly addNameRange     '0.16.3',
60 silly addNameRange     '0.16.4',
60 silly addNameRange     '0.17.0',
60 silly addNameRange     '0.18.0',
60 silly addNameRange     '0.19.0',
60 silly addNameRange     '0.20.0',
60 silly addNameRange     '0.20.1',
60 silly addNameRange     '0.20.2',
60 silly addNameRange     '0.20.3',
60 silly addNameRange     '0.21.0',
60 silly addNameRange     '0.22.0',
60 silly addNameRange     '0.22.1',
60 silly addNameRange     '0.23.0',
60 silly addNameRange     '0.24.0',
60 silly addNameRange     '0.25.0',
60 silly addNameRange     '0.26.0',
60 silly addNameRange     '0.26.1',
60 silly addNameRange     '0.26.2',
60 silly addNameRange     '0.26.3',
60 silly addNameRange     '0.27.0',
60 silly addNameRange     '0.27.1',
60 silly addNameRange     '0.27.2',
60 silly addNameRange     '0.27.3',
60 silly addNameRange     '0.27.4',
60 silly addNameRange     '0.27.5',
60 silly addNameRange     '0.27.6',
60 silly addNameRange     '0.27.7',
60 silly addNameRange     '0.28.0',
60 silly addNameRange     '0.28.1',
60 silly addNameRange     '0.28.2',
60 silly addNameRange     '0.29.0',
60 silly addNameRange     '0.30.0',
60 silly addNameRange     '0.31.0',
60 silly addNameRange     '0.31.1',
60 silly addNameRange     '0.31.2',
60 silly addNameRange     '0.32.0',
60 silly addNameRange     '0.33.0',
60 silly addNameRange     '0.34.0',
60 silly addNameRange     '0.34.1',
60 silly addNameRange     '0.35.0',
60 silly addNameRange     '1.0.0',
60 silly addNameRange     '1.0.1',
60 silly addNameRange     '1.0.2',
60 silly addNameRange     '1.1.0',
60 silly addNameRange     '1.1.1',
60 silly addNameRange     '1.1.2',
60 silly addNameRange     '1.1.3',
60 silly addNameRange     '1.1.4',
60 silly addNameRange     '1.1.5',
60 silly addNameRange     '1.2.0',
60 silly addNameRange     '1.3.0',
60 silly addNameRange     '1.3.1',
60 silly addNameRange     '1.4.0',
60 silly addNameRange     '1.4.1',
60 silly addNameRange     '1.4.2',
60 silly addNameRange     '1.5.0',
60 silly addNameRange     '1.6.0',
60 silly addNameRange     '1.7.0',
60 silly addNameRange     '1.8.0',
60 silly addNameRange     '1.8.1',
60 silly addNameRange     '1.8.2',
60 silly addNameRange     '1.9.0',
60 silly addNameRange     '1.9.1',
60 silly addNameRange     '1.9.2',
60 silly addNameRange     '1.10.0',
60 silly addNameRange     '1.11.0' ] ]
61 verbose addNamed [ 'jade', '1.11.0' ]
62 verbose addNamed [ '1.11.0', '1.11.0' ]
63 silly lockFile 3da033ff-jade-1-11-0 jade@1.11.0
64 verbose lock jade@1.11.0 /home/web-dev/.npm/3da033ff-jade-1-11-0.lock
65 silly lockFile 3da033ff-jade-1-11-0 jade@1.11.0
66 silly lockFile 3da033ff-jade-1-11-0 jade@1.11.0
67 silly lockFile 15f6ebf8-jade-0-0-1 jade@>= 0.0.1
68 silly lockFile 15f6ebf8-jade-0-0-1 jade@>= 0.0.1
69 http 200 https://registry.npmjs.org/express/-/express-2.5.8.tgz
70 silly lockFile b8aa1eec-js-org-express-express-2-5-8-tgz https://registry.npmjs.org/express/-/express-2.5.8.tgz
71 silly lockFile b8aa1eec-js-org-express-express-2-5-8-tgz https://registry.npmjs.org/express/-/express-2.5.8.tgz
72 silly lockFile 70a1a393-express-2-5-8 express@2.5.8
73 silly lockFile 70a1a393-express-2-5-8 express@2.5.8
74 error Error: EACCES, mkdir '/home/web-dev/.npm/express/2.5.8'
74 error  { [Error: EACCES, mkdir '/home/web-dev/.npm/express/2.5.8']
74 error   errno: 3,
74 error   code: 'EACCES',
74 error   path: '/home/web-dev/.npm/express/2.5.8',
74 error   parent: 'application-name' }
75 error Please try running this command again as root/Administrator.
76 error System Linux 3.13.0-55-generic
77 error command "/usr/bin/node" "/usr/bin/npm" "install"
78 error cwd /home/web-dev/projects/node-tutorial/first-app
79 error node -v v0.10.37
80 error npm -v 1.4.28
81 error path /home/web-dev/.npm/express/2.5.8
82 error code EACCES
83 error errno 3
84 error stack Error: EACCES, mkdir '/home/web-dev/.npm/express/2.5.8'
85 verbose exit [ 3, true ]
